<!doctype html>
<html lang="">
<head>
    <meta charset="UTF-8">
    <meta name="viewport"
          content="width=device-width, user-scalable=no, initial-scale=1.0, maximum-scale=1.0, minimum-scale=1.0">
    <meta http-equiv="X-UA-Compatible" content="ie=edge">
    <title>Test Results Report - test suite</title>

    <link href="reportng.css" rel="stylesheet" type="text/css"/>
</head>
<body>
<div id="meta">
Generated by <a href="http://www.testng.org" target="_blank">TestNG</a> with <a href="https://github.com/testng-team/reportng" target="_blank">ReportNG</a>
at 15:22 MDT on Friday 10 June 2022
    <br/><span
    id="systemInfo">shuju@DESKTOP-VU75KT1&nbsp;/&nbsp;Java 1.8.0_202 (Oracle Corporation)&nbsp;/&nbsp;Windows 10 10.0 (amd64)</span>
</div>
<h1>test suite</h1>

<p>
    <a href="index.html">Suites</a>
        &#183; <a href="output.html">Log Output</a>
</p>

<p>Test duration
    : 111.825s</p>


    <table class="resultsTable">
        <tr>
            <th colspan="3" class="header failed">Failed Tests</th>
        </tr>
            <tr>
                <td class="group" colspan="3">testcases.ProductDetailsTest</td>
            </tr>
    <tr>
        <td class="method">
                addToCartAfterFilter
        </td>
        <td class="duration">
            10.010s
        </td>
        <td class="result">
            <!-- Display the dependencies for skipped test methods -->


            <!-- Show logger output for the test -->

                <a href="javascript:toggleElement('exception-0', 'block')"
                   title="Click to expand/collapse">
                    <b>org.openqa.selenium.NoSuchElementException: no such element: Unable to locate element: {&quot;method&quot;:&quot;xpath&quot;,&quot;selector&quot;:&quot;//*[@id=&quot;homefeatured&quot;]/li[2]/div/div[1]/div/a[1]/img&quot;}<br/>
&nbsp; (Session info: chrome=102.0.5005.63)<br/>
For documentation on this error, please visit: https://selenium.dev/exceptions/#no_such_element<br/>
Build info: version: &apos;4.0.0&apos;, revision: &apos;3a21814679&apos;<br/>
System info: host: &apos;DESKTOP-VU75KT1&apos;, ip: &apos;10.0.0.107&apos;, os.name: &apos;Windows 10&apos;, os.arch: &apos;amd64&apos;, os.version: &apos;10.0&apos;, java.version: &apos;1.8.0_202&apos;<br/>
Driver info: org.openqa.selenium.chrome.ChromeDriver<br/>
Command: [8898a6c288f67920331f0379bc79382b, findElement {using=xpath, value=//*[@id=&quot;homefeatured&quot;]/li[2]/div/div[1]/div/a[1]/img}]<br/>
Capabilities {acceptInsecureCerts: false, browserName: chrome, browserVersion: 102.0.5005.63, chrome: {chromedriverVersion: 101.0.4951.41 (93c720db8323..., userDataDir: C:\Users\shuju\AppData\Loca...}, goog:chromeOptions: {debuggerAddress: localhost:51681}, javascriptEnabled: true, networkConnectionEnabled: false, pageLoadStrategy: normal, platform: WINDOWS, platformName: WINDOWS, proxy: Proxy(), se:cdp: ws://localhost:51681/devtoo..., se:cdpVersion: 102.0.5005.63, setWindowRect: true, strictFileInteractability: false, timeouts: {implicit: 0, pageLoad: 300000, script: 30000}, unhandledPromptBehavior: dismiss and notify, webauthn:extension:credBlob: true, webauthn:extension:largeBlob: true, webauthn:virtualAuthenticators: true}<br/>
Session ID: 8898a6c288f67920331f0379bc79382b</b>
                </a>
                <br/>
                <div class="stackTrace" id="exception-0">
                        sun.reflect.NativeConstructorAccessorImpl.newInstance0(Native Method)<br/>
                        sun.reflect.NativeConstructorAccessorImpl.newInstance(NativeConstructorAccessorImpl.java:62)<br/>
                        sun.reflect.DelegatingConstructorAccessorImpl.newInstance(DelegatingConstructorAccessorImpl.java:45)<br/>
                        java.lang.reflect.Constructor.newInstance(Constructor.java:423)<br/>
                        org.openqa.selenium.remote.codec.w3c.W3CHttpResponseCodec.createException(W3CHttpResponseCodec.java:200)<br/>
                        org.openqa.selenium.remote.codec.w3c.W3CHttpResponseCodec.decode(W3CHttpResponseCodec.java:133)<br/>
                        org.openqa.selenium.remote.codec.w3c.W3CHttpResponseCodec.decode(W3CHttpResponseCodec.java:53)<br/>
                        org.openqa.selenium.remote.HttpCommandExecutor.execute(HttpCommandExecutor.java:184)<br/>
                        org.openqa.selenium.remote.service.DriverCommandExecutor.invokeExecute(DriverCommandExecutor.java:164)<br/>
                        org.openqa.selenium.remote.service.DriverCommandExecutor.execute(DriverCommandExecutor.java:139)<br/>
                        org.openqa.selenium.remote.RemoteWebDriver.execute(RemoteWebDriver.java:559)<br/>
                        org.openqa.selenium.remote.ElementLocation$ElementFinder$2.findElement(ElementLocation.java:162)<br/>
                        org.openqa.selenium.remote.ElementLocation.findElement(ElementLocation.java:60)<br/>
                        org.openqa.selenium.remote.RemoteWebDriver.findElement(RemoteWebDriver.java:383)<br/>
                        org.openqa.selenium.remote.RemoteWebDriver.findElement(RemoteWebDriver.java:375)<br/>
                        pages.HomePage.checkProductDetail(HomePage.java:36)<br/>
                        testcases.ProductDetailsTest.addToCartAfterFilter(ProductDetailsTest.java:163)<br/>
                        sun.reflect.NativeMethodAccessorImpl.invoke0(Native Method)<br/>
                        sun.reflect.NativeMethodAccessorImpl.invoke(NativeMethodAccessorImpl.java:62)<br/>
                        sun.reflect.DelegatingMethodAccessorImpl.invoke(DelegatingMethodAccessorImpl.java:43)<br/>
                        java.lang.reflect.Method.invoke(Method.java:498)<br/>
                        org.testng.internal.MethodInvocationHelper.invokeMethod(MethodInvocationHelper.java:124)<br/>
                        org.testng.internal.Invoker.invokeMethod(Invoker.java:583)<br/>
                        org.testng.internal.Invoker.invokeTestMethod(Invoker.java:719)<br/>
                        org.testng.internal.Invoker.invokeTestMethods(Invoker.java:989)<br/>
                        org.testng.internal.TestMethodWorker.invokeTestMethods(TestMethodWorker.java:125)<br/>
                        org.testng.internal.TestMethodWorker.run(TestMethodWorker.java:109)<br/>
                        java.util.concurrent.ThreadPoolExecutor.runWorker(ThreadPoolExecutor.java:1149)<br/>
                        java.util.concurrent.ThreadPoolExecutor$Worker.run(ThreadPoolExecutor.java:624)<br/>
                        java.lang.Thread.run(Thread.java:748)<br/>
                </div>
        </td>
    </tr>
    <tr>
        <td class="method">
                checkPopularProductBtn
        </td>
        <td class="duration">
            10.262s
        </td>
        <td class="result">
            <!-- Display the dependencies for skipped test methods -->


            <!-- Show logger output for the test -->

                <a href="javascript:toggleElement('exception-1', 'block')"
                   title="Click to expand/collapse">
                    <b>org.openqa.selenium.NoSuchElementException: no such element: Unable to locate element: {&quot;method&quot;:&quot;css selector&quot;,&quot;selector&quot;:&quot;.homefeatured&quot;}<br/>
&nbsp; (Session info: chrome=102.0.5005.63)<br/>
For documentation on this error, please visit: https://selenium.dev/exceptions/#no_such_element<br/>
Build info: version: &apos;4.0.0&apos;, revision: &apos;3a21814679&apos;<br/>
System info: host: &apos;DESKTOP-VU75KT1&apos;, ip: &apos;10.0.0.107&apos;, os.name: &apos;Windows 10&apos;, os.arch: &apos;amd64&apos;, os.version: &apos;10.0&apos;, java.version: &apos;1.8.0_202&apos;<br/>
Driver info: org.openqa.selenium.chrome.ChromeDriver<br/>
Command: [8898a6c288f67920331f0379bc79382b, findElement {using=css selector, value=.homefeatured}]<br/>
Capabilities {acceptInsecureCerts: false, browserName: chrome, browserVersion: 102.0.5005.63, chrome: {chromedriverVersion: 101.0.4951.41 (93c720db8323..., userDataDir: C:\Users\shuju\AppData\Loca...}, goog:chromeOptions: {debuggerAddress: localhost:51681}, javascriptEnabled: true, networkConnectionEnabled: false, pageLoadStrategy: normal, platform: WINDOWS, platformName: WINDOWS, proxy: Proxy(), se:cdp: ws://localhost:51681/devtoo..., se:cdpVersion: 102.0.5005.63, setWindowRect: true, strictFileInteractability: false, timeouts: {implicit: 0, pageLoad: 300000, script: 30000}, unhandledPromptBehavior: dismiss and notify, webauthn:extension:credBlob: true, webauthn:extension:largeBlob: true, webauthn:virtualAuthenticators: true}<br/>
Session ID: 8898a6c288f67920331f0379bc79382b</b>
                </a>
                <br/>
                <div class="stackTrace" id="exception-1">
                        sun.reflect.NativeConstructorAccessorImpl.newInstance0(Native Method)<br/>
                        sun.reflect.NativeConstructorAccessorImpl.newInstance(NativeConstructorAccessorImpl.java:62)<br/>
                        sun.reflect.DelegatingConstructorAccessorImpl.newInstance(DelegatingConstructorAccessorImpl.java:45)<br/>
                        java.lang.reflect.Constructor.newInstance(Constructor.java:423)<br/>
                        org.openqa.selenium.remote.codec.w3c.W3CHttpResponseCodec.createException(W3CHttpResponseCodec.java:200)<br/>
                        org.openqa.selenium.remote.codec.w3c.W3CHttpResponseCodec.decode(W3CHttpResponseCodec.java:133)<br/>
                        org.openqa.selenium.remote.codec.w3c.W3CHttpResponseCodec.decode(W3CHttpResponseCodec.java:53)<br/>
                        org.openqa.selenium.remote.HttpCommandExecutor.execute(HttpCommandExecutor.java:184)<br/>
                        org.openqa.selenium.remote.service.DriverCommandExecutor.invokeExecute(DriverCommandExecutor.java:164)<br/>
                        org.openqa.selenium.remote.service.DriverCommandExecutor.execute(DriverCommandExecutor.java:139)<br/>
                        org.openqa.selenium.remote.RemoteWebDriver.execute(RemoteWebDriver.java:559)<br/>
                        org.openqa.selenium.remote.ElementLocation$ElementFinder$2.findElement(ElementLocation.java:162)<br/>
                        org.openqa.selenium.remote.ElementLocation.findElement(ElementLocation.java:60)<br/>
                        org.openqa.selenium.remote.RemoteWebDriver.findElement(RemoteWebDriver.java:383)<br/>
                        org.openqa.selenium.remote.RemoteWebDriver.findElement(RemoteWebDriver.java:375)<br/>
                        org.openqa.selenium.By$PreW3CLocator.findElement(By.java:429)<br/>
                        org.openqa.selenium.By$ByClassName.findElement(By.java:298)<br/>
                        org.openqa.selenium.remote.ElementLocation$ElementFinder$1.findElement(ElementLocation.java:136)<br/>
                        org.openqa.selenium.remote.ElementLocation.findElement(ElementLocation.java:80)<br/>
                        org.openqa.selenium.remote.RemoteWebDriver.findElement(RemoteWebDriver.java:383)<br/>
                        org.openqa.selenium.remote.RemoteWebDriver.findElement(RemoteWebDriver.java:375)<br/>
                        pages.HomePage.clickPopularBtn(HomePage.java:42)<br/>
                        testcases.ProductDetailsTest.checkPopularProductBtn(ProductDetailsTest.java:81)<br/>
                        sun.reflect.NativeMethodAccessorImpl.invoke0(Native Method)<br/>
                        sun.reflect.NativeMethodAccessorImpl.invoke(NativeMethodAccessorImpl.java:62)<br/>
                        sun.reflect.DelegatingMethodAccessorImpl.invoke(DelegatingMethodAccessorImpl.java:43)<br/>
                        java.lang.reflect.Method.invoke(Method.java:498)<br/>
                        org.testng.internal.MethodInvocationHelper.invokeMethod(MethodInvocationHelper.java:124)<br/>
                        org.testng.internal.Invoker.invokeMethod(Invoker.java:583)<br/>
                        org.testng.internal.Invoker.invokeTestMethod(Invoker.java:719)<br/>
                        org.testng.internal.Invoker.invokeTestMethods(Invoker.java:989)<br/>
                        org.testng.internal.TestMethodWorker.invokeTestMethods(TestMethodWorker.java:125)<br/>
                        org.testng.internal.TestMethodWorker.run(TestMethodWorker.java:109)<br/>
                        java.util.concurrent.ThreadPoolExecutor.runWorker(ThreadPoolExecutor.java:1149)<br/>
                        java.util.concurrent.ThreadPoolExecutor$Worker.run(ThreadPoolExecutor.java:624)<br/>
                        java.lang.Thread.run(Thread.java:748)<br/>
                </div>
        </td>
    </tr>
    <tr>
        <td class="method">
                checkProductColorAndSize
        </td>
        <td class="duration">
            10.065s
        </td>
        <td class="result">
            <!-- Display the dependencies for skipped test methods -->


            <!-- Show logger output for the test -->

                <a href="javascript:toggleElement('exception-2', 'block')"
                   title="Click to expand/collapse">
                    <b>org.openqa.selenium.NoSuchElementException: no such element: Unable to locate element: {&quot;method&quot;:&quot;xpath&quot;,&quot;selector&quot;:&quot;//*[@id=&apos;homefeatured&apos;]/li[2]/div/div[1]/div/a[1]/img&quot;}<br/>
&nbsp; (Session info: chrome=102.0.5005.63)<br/>
For documentation on this error, please visit: https://selenium.dev/exceptions/#no_such_element<br/>
Build info: version: &apos;4.0.0&apos;, revision: &apos;3a21814679&apos;<br/>
System info: host: &apos;DESKTOP-VU75KT1&apos;, ip: &apos;10.0.0.107&apos;, os.name: &apos;Windows 10&apos;, os.arch: &apos;amd64&apos;, os.version: &apos;10.0&apos;, java.version: &apos;1.8.0_202&apos;<br/>
Driver info: org.openqa.selenium.chrome.ChromeDriver<br/>
Command: [8898a6c288f67920331f0379bc79382b, findElement {using=xpath, value=//*[@id=&apos;homefeatured&apos;]/li[2]/div/div[1]/div/a[1]/img}]<br/>
Capabilities {acceptInsecureCerts: false, browserName: chrome, browserVersion: 102.0.5005.63, chrome: {chromedriverVersion: 101.0.4951.41 (93c720db8323..., userDataDir: C:\Users\shuju\AppData\Loca...}, goog:chromeOptions: {debuggerAddress: localhost:51681}, javascriptEnabled: true, networkConnectionEnabled: false, pageLoadStrategy: normal, platform: WINDOWS, platformName: WINDOWS, proxy: Proxy(), se:cdp: ws://localhost:51681/devtoo..., se:cdpVersion: 102.0.5005.63, setWindowRect: true, strictFileInteractability: false, timeouts: {implicit: 0, pageLoad: 300000, script: 30000}, unhandledPromptBehavior: dismiss and notify, webauthn:extension:credBlob: true, webauthn:extension:largeBlob: true, webauthn:virtualAuthenticators: true}<br/>
Session ID: 8898a6c288f67920331f0379bc79382b</b>
                </a>
                <br/>
                <div class="stackTrace" id="exception-2">
                        sun.reflect.NativeConstructorAccessorImpl.newInstance0(Native Method)<br/>
                        sun.reflect.NativeConstructorAccessorImpl.newInstance(NativeConstructorAccessorImpl.java:62)<br/>
                        sun.reflect.DelegatingConstructorAccessorImpl.newInstance(DelegatingConstructorAccessorImpl.java:45)<br/>
                        java.lang.reflect.Constructor.newInstance(Constructor.java:423)<br/>
                        org.openqa.selenium.remote.codec.w3c.W3CHttpResponseCodec.createException(W3CHttpResponseCodec.java:200)<br/>
                        org.openqa.selenium.remote.codec.w3c.W3CHttpResponseCodec.decode(W3CHttpResponseCodec.java:133)<br/>
                        org.openqa.selenium.remote.codec.w3c.W3CHttpResponseCodec.decode(W3CHttpResponseCodec.java:53)<br/>
                        org.openqa.selenium.remote.HttpCommandExecutor.execute(HttpCommandExecutor.java:184)<br/>
                        org.openqa.selenium.remote.service.DriverCommandExecutor.invokeExecute(DriverCommandExecutor.java:164)<br/>
                        org.openqa.selenium.remote.service.DriverCommandExecutor.execute(DriverCommandExecutor.java:139)<br/>
                        org.openqa.selenium.remote.RemoteWebDriver.execute(RemoteWebDriver.java:559)<br/>
                        org.openqa.selenium.remote.ElementLocation$ElementFinder$2.findElement(ElementLocation.java:162)<br/>
                        org.openqa.selenium.remote.ElementLocation.findElement(ElementLocation.java:60)<br/>
                        org.openqa.selenium.remote.RemoteWebDriver.findElement(RemoteWebDriver.java:383)<br/>
                        org.openqa.selenium.remote.RemoteWebDriver.findElement(RemoteWebDriver.java:375)<br/>
                        pages.HomePage.checkProductDetail(HomePage.java:36)<br/>
                        testcases.ProductDetailsTest.checkProductColorAndSize(ProductDetailsTest.java:102)<br/>
                        sun.reflect.NativeMethodAccessorImpl.invoke0(Native Method)<br/>
                        sun.reflect.NativeMethodAccessorImpl.invoke(NativeMethodAccessorImpl.java:62)<br/>
                        sun.reflect.DelegatingMethodAccessorImpl.invoke(DelegatingMethodAccessorImpl.java:43)<br/>
                        java.lang.reflect.Method.invoke(Method.java:498)<br/>
                        org.testng.internal.MethodInvocationHelper.invokeMethod(MethodInvocationHelper.java:124)<br/>
                        org.testng.internal.Invoker.invokeMethod(Invoker.java:583)<br/>
                        org.testng.internal.Invoker.invokeTestMethod(Invoker.java:719)<br/>
                        org.testng.internal.Invoker.invokeTestMethods(Invoker.java:989)<br/>
                        org.testng.internal.TestMethodWorker.invokeTestMethods(TestMethodWorker.java:125)<br/>
                        org.testng.internal.TestMethodWorker.run(TestMethodWorker.java:109)<br/>
                        java.util.concurrent.ThreadPoolExecutor.runWorker(ThreadPoolExecutor.java:1149)<br/>
                        java.util.concurrent.ThreadPoolExecutor$Worker.run(ThreadPoolExecutor.java:624)<br/>
                        java.lang.Thread.run(Thread.java:748)<br/>
                </div>
        </td>
    </tr>
    <tr>
        <td class="method">
                checkQty
        </td>
        <td class="duration">
            10.014s
        </td>
        <td class="result">
            <!-- Display the dependencies for skipped test methods -->


            <!-- Show logger output for the test -->

                <a href="javascript:toggleElement('exception-3', 'block')"
                   title="Click to expand/collapse">
                    <b>org.openqa.selenium.NoSuchElementException: no such element: Unable to locate element: {&quot;method&quot;:&quot;xpath&quot;,&quot;selector&quot;:&quot;//*[@id=&quot;homefeatured&quot;]/li[2]/div/div[1]/div/a[1]/img&quot;}<br/>
&nbsp; (Session info: chrome=102.0.5005.63)<br/>
For documentation on this error, please visit: https://selenium.dev/exceptions/#no_such_element<br/>
Build info: version: &apos;4.0.0&apos;, revision: &apos;3a21814679&apos;<br/>
System info: host: &apos;DESKTOP-VU75KT1&apos;, ip: &apos;10.0.0.107&apos;, os.name: &apos;Windows 10&apos;, os.arch: &apos;amd64&apos;, os.version: &apos;10.0&apos;, java.version: &apos;1.8.0_202&apos;<br/>
Driver info: org.openqa.selenium.chrome.ChromeDriver<br/>
Command: [8898a6c288f67920331f0379bc79382b, findElement {using=xpath, value=//*[@id=&quot;homefeatured&quot;]/li[2]/div/div[1]/div/a[1]/img}]<br/>
Capabilities {acceptInsecureCerts: false, browserName: chrome, browserVersion: 102.0.5005.63, chrome: {chromedriverVersion: 101.0.4951.41 (93c720db8323..., userDataDir: C:\Users\shuju\AppData\Loca...}, goog:chromeOptions: {debuggerAddress: localhost:51681}, javascriptEnabled: true, networkConnectionEnabled: false, pageLoadStrategy: normal, platform: WINDOWS, platformName: WINDOWS, proxy: Proxy(), se:cdp: ws://localhost:51681/devtoo..., se:cdpVersion: 102.0.5005.63, setWindowRect: true, strictFileInteractability: false, timeouts: {implicit: 0, pageLoad: 300000, script: 30000}, unhandledPromptBehavior: dismiss and notify, webauthn:extension:credBlob: true, webauthn:extension:largeBlob: true, webauthn:virtualAuthenticators: true}<br/>
Session ID: 8898a6c288f67920331f0379bc79382b</b>
                </a>
                <br/>
                <div class="stackTrace" id="exception-3">
                        sun.reflect.NativeConstructorAccessorImpl.newInstance0(Native Method)<br/>
                        sun.reflect.NativeConstructorAccessorImpl.newInstance(NativeConstructorAccessorImpl.java:62)<br/>
                        sun.reflect.DelegatingConstructorAccessorImpl.newInstance(DelegatingConstructorAccessorImpl.java:45)<br/>
                        java.lang.reflect.Constructor.newInstance(Constructor.java:423)<br/>
                        org.openqa.selenium.remote.codec.w3c.W3CHttpResponseCodec.createException(W3CHttpResponseCodec.java:200)<br/>
                        org.openqa.selenium.remote.codec.w3c.W3CHttpResponseCodec.decode(W3CHttpResponseCodec.java:133)<br/>
                        org.openqa.selenium.remote.codec.w3c.W3CHttpResponseCodec.decode(W3CHttpResponseCodec.java:53)<br/>
                        org.openqa.selenium.remote.HttpCommandExecutor.execute(HttpCommandExecutor.java:184)<br/>
                        org.openqa.selenium.remote.service.DriverCommandExecutor.invokeExecute(DriverCommandExecutor.java:164)<br/>
                        org.openqa.selenium.remote.service.DriverCommandExecutor.execute(DriverCommandExecutor.java:139)<br/>
                        org.openqa.selenium.remote.RemoteWebDriver.execute(RemoteWebDriver.java:559)<br/>
                        org.openqa.selenium.remote.ElementLocation$ElementFinder$2.findElement(ElementLocation.java:162)<br/>
                        org.openqa.selenium.remote.ElementLocation.findElement(ElementLocation.java:60)<br/>
                        org.openqa.selenium.remote.RemoteWebDriver.findElement(RemoteWebDriver.java:383)<br/>
                        org.openqa.selenium.remote.RemoteWebDriver.findElement(RemoteWebDriver.java:375)<br/>
                        pages.HomePage.checkProductDetail(HomePage.java:36)<br/>
                        testcases.ProductDetailsTest.checkQty(ProductDetailsTest.java:129)<br/>
                        sun.reflect.NativeMethodAccessorImpl.invoke0(Native Method)<br/>
                        sun.reflect.NativeMethodAccessorImpl.invoke(NativeMethodAccessorImpl.java:62)<br/>
                        sun.reflect.DelegatingMethodAccessorImpl.invoke(DelegatingMethodAccessorImpl.java:43)<br/>
                        java.lang.reflect.Method.invoke(Method.java:498)<br/>
                        org.testng.internal.MethodInvocationHelper.invokeMethod(MethodInvocationHelper.java:124)<br/>
                        org.testng.internal.Invoker.invokeMethod(Invoker.java:583)<br/>
                        org.testng.internal.Invoker.invokeTestMethod(Invoker.java:719)<br/>
                        org.testng.internal.Invoker.invokeTestMethods(Invoker.java:989)<br/>
                        org.testng.internal.TestMethodWorker.invokeTestMethods(TestMethodWorker.java:125)<br/>
                        org.testng.internal.TestMethodWorker.run(TestMethodWorker.java:109)<br/>
                        java.util.concurrent.ThreadPoolExecutor.runWorker(ThreadPoolExecutor.java:1149)<br/>
                        java.util.concurrent.ThreadPoolExecutor$Worker.run(ThreadPoolExecutor.java:624)<br/>
                        java.lang.Thread.run(Thread.java:748)<br/>
                </div>
        </td>
    </tr>
            <tr>
                <td class="group" colspan="3">testcases.RegistrationLoginTest</td>
            </tr>
    <tr>
        <td class="method">
                checkCreateAccountFrom
        </td>
        <td class="duration">
            10.068s
        </td>
        <td class="result">
            <!-- Display the dependencies for skipped test methods -->


            <!-- Show logger output for the test -->

                <a href="javascript:toggleElement('exception-4', 'block')"
                   title="Click to expand/collapse">
                    <b>org.openqa.selenium.NoSuchElementException: no such element: Unable to locate element: {&quot;method&quot;:&quot;css selector&quot;,&quot;selector&quot;:&quot;.login&quot;}<br/>
&nbsp; (Session info: chrome=102.0.5005.63)<br/>
For documentation on this error, please visit: https://selenium.dev/exceptions/#no_such_element<br/>
Build info: version: &apos;4.0.0&apos;, revision: &apos;3a21814679&apos;<br/>
System info: host: &apos;DESKTOP-VU75KT1&apos;, ip: &apos;10.0.0.107&apos;, os.name: &apos;Windows 10&apos;, os.arch: &apos;amd64&apos;, os.version: &apos;10.0&apos;, java.version: &apos;1.8.0_202&apos;<br/>
Driver info: org.openqa.selenium.chrome.ChromeDriver<br/>
Command: [0a4dd73a7b56c4c2a8510ca23ce73e8c, findElement {using=css selector, value=.login}]<br/>
Capabilities {acceptInsecureCerts: false, browserName: chrome, browserVersion: 102.0.5005.63, chrome: {chromedriverVersion: 101.0.4951.41 (93c720db8323..., userDataDir: C:\Users\shuju\AppData\Loca...}, goog:chromeOptions: {debuggerAddress: localhost:51706}, javascriptEnabled: true, networkConnectionEnabled: false, pageLoadStrategy: normal, platform: WINDOWS, platformName: WINDOWS, proxy: Proxy(), se:cdp: ws://localhost:51706/devtoo..., se:cdpVersion: 102.0.5005.63, setWindowRect: true, strictFileInteractability: false, timeouts: {implicit: 0, pageLoad: 300000, script: 30000}, unhandledPromptBehavior: dismiss and notify, webauthn:extension:credBlob: true, webauthn:extension:largeBlob: true, webauthn:virtualAuthenticators: true}<br/>
Session ID: 0a4dd73a7b56c4c2a8510ca23ce73e8c</b>
                </a>
                <br/>
                <div class="stackTrace" id="exception-4">
                        sun.reflect.NativeConstructorAccessorImpl.newInstance0(Native Method)<br/>
                        sun.reflect.NativeConstructorAccessorImpl.newInstance(NativeConstructorAccessorImpl.java:62)<br/>
                        sun.reflect.DelegatingConstructorAccessorImpl.newInstance(DelegatingConstructorAccessorImpl.java:45)<br/>
                        java.lang.reflect.Constructor.newInstance(Constructor.java:423)<br/>
                        org.openqa.selenium.remote.codec.w3c.W3CHttpResponseCodec.createException(W3CHttpResponseCodec.java:200)<br/>
                        org.openqa.selenium.remote.codec.w3c.W3CHttpResponseCodec.decode(W3CHttpResponseCodec.java:133)<br/>
                        org.openqa.selenium.remote.codec.w3c.W3CHttpResponseCodec.decode(W3CHttpResponseCodec.java:53)<br/>
                        org.openqa.selenium.remote.HttpCommandExecutor.execute(HttpCommandExecutor.java:184)<br/>
                        org.openqa.selenium.remote.service.DriverCommandExecutor.invokeExecute(DriverCommandExecutor.java:164)<br/>
                        org.openqa.selenium.remote.service.DriverCommandExecutor.execute(DriverCommandExecutor.java:139)<br/>
                        org.openqa.selenium.remote.RemoteWebDriver.execute(RemoteWebDriver.java:559)<br/>
                        org.openqa.selenium.remote.ElementLocation$ElementFinder$2.findElement(ElementLocation.java:162)<br/>
                        org.openqa.selenium.remote.ElementLocation.findElement(ElementLocation.java:60)<br/>
                        org.openqa.selenium.remote.RemoteWebDriver.findElement(RemoteWebDriver.java:383)<br/>
                        org.openqa.selenium.remote.RemoteWebDriver.findElement(RemoteWebDriver.java:375)<br/>
                        org.openqa.selenium.By$PreW3CLocator.findElement(By.java:429)<br/>
                        org.openqa.selenium.By$ByClassName.findElement(By.java:298)<br/>
                        org.openqa.selenium.remote.ElementLocation$ElementFinder$1.findElement(ElementLocation.java:136)<br/>
                        org.openqa.selenium.remote.ElementLocation.findElement(ElementLocation.java:60)<br/>
                        org.openqa.selenium.remote.RemoteWebDriver.findElement(RemoteWebDriver.java:383)<br/>
                        org.openqa.selenium.remote.RemoteWebDriver.findElement(RemoteWebDriver.java:375)<br/>
                        pages.HomePage.clickSignInBtn(HomePage.java:18)<br/>
                        testcases.RegistrationLoginTest.checkCreateAccountFrom(RegistrationLoginTest.java:111)<br/>
                        sun.reflect.NativeMethodAccessorImpl.invoke0(Native Method)<br/>
                        sun.reflect.NativeMethodAccessorImpl.invoke(NativeMethodAccessorImpl.java:62)<br/>
                        sun.reflect.DelegatingMethodAccessorImpl.invoke(DelegatingMethodAccessorImpl.java:43)<br/>
                        java.lang.reflect.Method.invoke(Method.java:498)<br/>
                        org.testng.internal.MethodInvocationHelper.invokeMethod(MethodInvocationHelper.java:124)<br/>
                        org.testng.internal.Invoker.invokeMethod(Invoker.java:583)<br/>
                        org.testng.internal.Invoker.invokeTestMethod(Invoker.java:719)<br/>
                        org.testng.internal.Invoker.invokeTestMethods(Invoker.java:989)<br/>
                        org.testng.internal.TestMethodWorker.invokeTestMethods(TestMethodWorker.java:125)<br/>
                        org.testng.internal.TestMethodWorker.run(TestMethodWorker.java:109)<br/>
                        java.util.concurrent.ThreadPoolExecutor.runWorker(ThreadPoolExecutor.java:1149)<br/>
                        java.util.concurrent.ThreadPoolExecutor$Worker.run(ThreadPoolExecutor.java:624)<br/>
                        java.lang.Thread.run(Thread.java:748)<br/>
                </div>
        </td>
    </tr>
    <tr>
        <td class="method">
                checkGuestPurchaseProductFuc
        </td>
        <td class="duration">
            10.062s
        </td>
        <td class="result">
            <!-- Display the dependencies for skipped test methods -->


            <!-- Show logger output for the test -->

                <a href="javascript:toggleElement('exception-5', 'block')"
                   title="Click to expand/collapse">
                    <b>org.openqa.selenium.NoSuchElementException: no such element: Unable to locate element: {&quot;method&quot;:&quot;xpath&quot;,&quot;selector&quot;:&quot;//*[@id=&quot;homefeatured&quot;]/li[2]/div/div[1]/div/a[1]/img&quot;}<br/>
&nbsp; (Session info: chrome=102.0.5005.63)<br/>
For documentation on this error, please visit: https://selenium.dev/exceptions/#no_such_element<br/>
Build info: version: &apos;4.0.0&apos;, revision: &apos;3a21814679&apos;<br/>
System info: host: &apos;DESKTOP-VU75KT1&apos;, ip: &apos;10.0.0.107&apos;, os.name: &apos;Windows 10&apos;, os.arch: &apos;amd64&apos;, os.version: &apos;10.0&apos;, java.version: &apos;1.8.0_202&apos;<br/>
Driver info: org.openqa.selenium.chrome.ChromeDriver<br/>
Command: [0a4dd73a7b56c4c2a8510ca23ce73e8c, findElement {using=xpath, value=//*[@id=&quot;homefeatured&quot;]/li[2]/div/div[1]/div/a[1]/img}]<br/>
Capabilities {acceptInsecureCerts: false, browserName: chrome, browserVersion: 102.0.5005.63, chrome: {chromedriverVersion: 101.0.4951.41 (93c720db8323..., userDataDir: C:\Users\shuju\AppData\Loca...}, goog:chromeOptions: {debuggerAddress: localhost:51706}, javascriptEnabled: true, networkConnectionEnabled: false, pageLoadStrategy: normal, platform: WINDOWS, platformName: WINDOWS, proxy: Proxy(), se:cdp: ws://localhost:51706/devtoo..., se:cdpVersion: 102.0.5005.63, setWindowRect: true, strictFileInteractability: false, timeouts: {implicit: 0, pageLoad: 300000, script: 30000}, unhandledPromptBehavior: dismiss and notify, webauthn:extension:credBlob: true, webauthn:extension:largeBlob: true, webauthn:virtualAuthenticators: true}<br/>
Session ID: 0a4dd73a7b56c4c2a8510ca23ce73e8c</b>
                </a>
                <br/>
                <div class="stackTrace" id="exception-5">
                        sun.reflect.NativeConstructorAccessorImpl.newInstance0(Native Method)<br/>
                        sun.reflect.NativeConstructorAccessorImpl.newInstance(NativeConstructorAccessorImpl.java:62)<br/>
                        sun.reflect.DelegatingConstructorAccessorImpl.newInstance(DelegatingConstructorAccessorImpl.java:45)<br/>
                        java.lang.reflect.Constructor.newInstance(Constructor.java:423)<br/>
                        org.openqa.selenium.remote.codec.w3c.W3CHttpResponseCodec.createException(W3CHttpResponseCodec.java:200)<br/>
                        org.openqa.selenium.remote.codec.w3c.W3CHttpResponseCodec.decode(W3CHttpResponseCodec.java:133)<br/>
                        org.openqa.selenium.remote.codec.w3c.W3CHttpResponseCodec.decode(W3CHttpResponseCodec.java:53)<br/>
                        org.openqa.selenium.remote.HttpCommandExecutor.execute(HttpCommandExecutor.java:184)<br/>
                        org.openqa.selenium.remote.service.DriverCommandExecutor.invokeExecute(DriverCommandExecutor.java:164)<br/>
                        org.openqa.selenium.remote.service.DriverCommandExecutor.execute(DriverCommandExecutor.java:139)<br/>
                        org.openqa.selenium.remote.RemoteWebDriver.execute(RemoteWebDriver.java:559)<br/>
                        org.openqa.selenium.remote.ElementLocation$ElementFinder$2.findElement(ElementLocation.java:162)<br/>
                        org.openqa.selenium.remote.ElementLocation.findElement(ElementLocation.java:60)<br/>
                        org.openqa.selenium.remote.RemoteWebDriver.findElement(RemoteWebDriver.java:383)<br/>
                        org.openqa.selenium.remote.RemoteWebDriver.findElement(RemoteWebDriver.java:375)<br/>
                        pages.HomePage.checkProductDetail(HomePage.java:36)<br/>
                        testcases.RegistrationLoginTest.checkGuestPurchaseProductFuc(RegistrationLoginTest.java:189)<br/>
                        sun.reflect.NativeMethodAccessorImpl.invoke0(Native Method)<br/>
                        sun.reflect.NativeMethodAccessorImpl.invoke(NativeMethodAccessorImpl.java:62)<br/>
                        sun.reflect.DelegatingMethodAccessorImpl.invoke(DelegatingMethodAccessorImpl.java:43)<br/>
                        java.lang.reflect.Method.invoke(Method.java:498)<br/>
                        org.testng.internal.MethodInvocationHelper.invokeMethod(MethodInvocationHelper.java:124)<br/>
                        org.testng.internal.Invoker.invokeMethod(Invoker.java:583)<br/>
                        org.testng.internal.Invoker.invokeTestMethod(Invoker.java:719)<br/>
                        org.testng.internal.Invoker.invokeTestMethods(Invoker.java:989)<br/>
                        org.testng.internal.TestMethodWorker.invokeTestMethods(TestMethodWorker.java:125)<br/>
                        org.testng.internal.TestMethodWorker.run(TestMethodWorker.java:109)<br/>
                        java.util.concurrent.ThreadPoolExecutor.runWorker(ThreadPoolExecutor.java:1149)<br/>
                        java.util.concurrent.ThreadPoolExecutor$Worker.run(ThreadPoolExecutor.java:624)<br/>
                        java.lang.Thread.run(Thread.java:748)<br/>
                </div>
        </td>
    </tr>
    <tr>
        <td class="method">
                checkProducts
        </td>
        <td class="duration">
            10.026s
        </td>
        <td class="result">
            <!-- Display the dependencies for skipped test methods -->


            <!-- Show logger output for the test -->

                <a href="javascript:toggleElement('exception-6', 'block')"
                   title="Click to expand/collapse">
                    <b>org.openqa.selenium.NoSuchElementException: no such element: Unable to locate element: {&quot;method&quot;:&quot;css selector&quot;,&quot;selector&quot;:&quot;.login&quot;}<br/>
&nbsp; (Session info: chrome=102.0.5005.63)<br/>
For documentation on this error, please visit: https://selenium.dev/exceptions/#no_such_element<br/>
Build info: version: &apos;4.0.0&apos;, revision: &apos;3a21814679&apos;<br/>
System info: host: &apos;DESKTOP-VU75KT1&apos;, ip: &apos;10.0.0.107&apos;, os.name: &apos;Windows 10&apos;, os.arch: &apos;amd64&apos;, os.version: &apos;10.0&apos;, java.version: &apos;1.8.0_202&apos;<br/>
Driver info: org.openqa.selenium.chrome.ChromeDriver<br/>
Command: [0a4dd73a7b56c4c2a8510ca23ce73e8c, findElement {using=css selector, value=.login}]<br/>
Capabilities {acceptInsecureCerts: false, browserName: chrome, browserVersion: 102.0.5005.63, chrome: {chromedriverVersion: 101.0.4951.41 (93c720db8323..., userDataDir: C:\Users\shuju\AppData\Loca...}, goog:chromeOptions: {debuggerAddress: localhost:51706}, javascriptEnabled: true, networkConnectionEnabled: false, pageLoadStrategy: normal, platform: WINDOWS, platformName: WINDOWS, proxy: Proxy(), se:cdp: ws://localhost:51706/devtoo..., se:cdpVersion: 102.0.5005.63, setWindowRect: true, strictFileInteractability: false, timeouts: {implicit: 0, pageLoad: 300000, script: 30000}, unhandledPromptBehavior: dismiss and notify, webauthn:extension:credBlob: true, webauthn:extension:largeBlob: true, webauthn:virtualAuthenticators: true}<br/>
Session ID: 0a4dd73a7b56c4c2a8510ca23ce73e8c</b>
                </a>
                <br/>
                <div class="stackTrace" id="exception-6">
                        sun.reflect.NativeConstructorAccessorImpl.newInstance0(Native Method)<br/>
                        sun.reflect.NativeConstructorAccessorImpl.newInstance(NativeConstructorAccessorImpl.java:62)<br/>
                        sun.reflect.DelegatingConstructorAccessorImpl.newInstance(DelegatingConstructorAccessorImpl.java:45)<br/>
                        java.lang.reflect.Constructor.newInstance(Constructor.java:423)<br/>
                        org.openqa.selenium.remote.codec.w3c.W3CHttpResponseCodec.createException(W3CHttpResponseCodec.java:200)<br/>
                        org.openqa.selenium.remote.codec.w3c.W3CHttpResponseCodec.decode(W3CHttpResponseCodec.java:133)<br/>
                        org.openqa.selenium.remote.codec.w3c.W3CHttpResponseCodec.decode(W3CHttpResponseCodec.java:53)<br/>
                        org.openqa.selenium.remote.HttpCommandExecutor.execute(HttpCommandExecutor.java:184)<br/>
                        org.openqa.selenium.remote.service.DriverCommandExecutor.invokeExecute(DriverCommandExecutor.java:164)<br/>
                        org.openqa.selenium.remote.service.DriverCommandExecutor.execute(DriverCommandExecutor.java:139)<br/>
                        org.openqa.selenium.remote.RemoteWebDriver.execute(RemoteWebDriver.java:559)<br/>
                        org.openqa.selenium.remote.ElementLocation$ElementFinder$2.findElement(ElementLocation.java:162)<br/>
                        org.openqa.selenium.remote.ElementLocation.findElement(ElementLocation.java:60)<br/>
                        org.openqa.selenium.remote.RemoteWebDriver.findElement(RemoteWebDriver.java:383)<br/>
                        org.openqa.selenium.remote.RemoteWebDriver.findElement(RemoteWebDriver.java:375)<br/>
                        org.openqa.selenium.By$PreW3CLocator.findElement(By.java:429)<br/>
                        org.openqa.selenium.By$ByClassName.findElement(By.java:298)<br/>
                        org.openqa.selenium.remote.ElementLocation$ElementFinder$1.findElement(ElementLocation.java:136)<br/>
                        org.openqa.selenium.remote.ElementLocation.findElement(ElementLocation.java:60)<br/>
                        org.openqa.selenium.remote.RemoteWebDriver.findElement(RemoteWebDriver.java:383)<br/>
                        org.openqa.selenium.remote.RemoteWebDriver.findElement(RemoteWebDriver.java:375)<br/>
                        pages.HomePage.clickSignInBtn(HomePage.java:18)<br/>
                        testcases.RegistrationLoginTest.checkProducts(RegistrationLoginTest.java:160)<br/>
                        sun.reflect.NativeMethodAccessorImpl.invoke0(Native Method)<br/>
                        sun.reflect.NativeMethodAccessorImpl.invoke(NativeMethodAccessorImpl.java:62)<br/>
                        sun.reflect.DelegatingMethodAccessorImpl.invoke(DelegatingMethodAccessorImpl.java:43)<br/>
                        java.lang.reflect.Method.invoke(Method.java:498)<br/>
                        org.testng.internal.MethodInvocationHelper.invokeMethod(MethodInvocationHelper.java:124)<br/>
                        org.testng.internal.Invoker.invokeMethod(Invoker.java:583)<br/>
                        org.testng.internal.Invoker.invokeTestMethod(Invoker.java:719)<br/>
                        org.testng.internal.Invoker.invokeTestMethods(Invoker.java:989)<br/>
                        org.testng.internal.TestMethodWorker.invokeTestMethods(TestMethodWorker.java:125)<br/>
                        org.testng.internal.TestMethodWorker.run(TestMethodWorker.java:109)<br/>
                        java.util.concurrent.ThreadPoolExecutor.runWorker(ThreadPoolExecutor.java:1149)<br/>
                        java.util.concurrent.ThreadPoolExecutor$Worker.run(ThreadPoolExecutor.java:624)<br/>
                        java.lang.Thread.run(Thread.java:748)<br/>
                </div>
        </td>
    </tr>
    <tr>
        <td class="method">
                checkRegistrationForm
        </td>
        <td class="duration">
            10.014s
        </td>
        <td class="result">
            <!-- Display the dependencies for skipped test methods -->


            <!-- Show logger output for the test -->

                <a href="javascript:toggleElement('exception-7', 'block')"
                   title="Click to expand/collapse">
                    <b>org.openqa.selenium.NoSuchElementException: no such element: Unable to locate element: {&quot;method&quot;:&quot;css selector&quot;,&quot;selector&quot;:&quot;.login&quot;}<br/>
&nbsp; (Session info: chrome=102.0.5005.63)<br/>
For documentation on this error, please visit: https://selenium.dev/exceptions/#no_such_element<br/>
Build info: version: &apos;4.0.0&apos;, revision: &apos;3a21814679&apos;<br/>
System info: host: &apos;DESKTOP-VU75KT1&apos;, ip: &apos;10.0.0.107&apos;, os.name: &apos;Windows 10&apos;, os.arch: &apos;amd64&apos;, os.version: &apos;10.0&apos;, java.version: &apos;1.8.0_202&apos;<br/>
Driver info: org.openqa.selenium.chrome.ChromeDriver<br/>
Command: [0a4dd73a7b56c4c2a8510ca23ce73e8c, findElement {using=css selector, value=.login}]<br/>
Capabilities {acceptInsecureCerts: false, browserName: chrome, browserVersion: 102.0.5005.63, chrome: {chromedriverVersion: 101.0.4951.41 (93c720db8323..., userDataDir: C:\Users\shuju\AppData\Loca...}, goog:chromeOptions: {debuggerAddress: localhost:51706}, javascriptEnabled: true, networkConnectionEnabled: false, pageLoadStrategy: normal, platform: WINDOWS, platformName: WINDOWS, proxy: Proxy(), se:cdp: ws://localhost:51706/devtoo..., se:cdpVersion: 102.0.5005.63, setWindowRect: true, strictFileInteractability: false, timeouts: {implicit: 0, pageLoad: 300000, script: 30000}, unhandledPromptBehavior: dismiss and notify, webauthn:extension:credBlob: true, webauthn:extension:largeBlob: true, webauthn:virtualAuthenticators: true}<br/>
Session ID: 0a4dd73a7b56c4c2a8510ca23ce73e8c</b>
                </a>
                <br/>
                <div class="stackTrace" id="exception-7">
                        sun.reflect.NativeConstructorAccessorImpl.newInstance0(Native Method)<br/>
                        sun.reflect.NativeConstructorAccessorImpl.newInstance(NativeConstructorAccessorImpl.java:62)<br/>
                        sun.reflect.DelegatingConstructorAccessorImpl.newInstance(DelegatingConstructorAccessorImpl.java:45)<br/>
                        java.lang.reflect.Constructor.newInstance(Constructor.java:423)<br/>
                        org.openqa.selenium.remote.codec.w3c.W3CHttpResponseCodec.createException(W3CHttpResponseCodec.java:200)<br/>
                        org.openqa.selenium.remote.codec.w3c.W3CHttpResponseCodec.decode(W3CHttpResponseCodec.java:133)<br/>
                        org.openqa.selenium.remote.codec.w3c.W3CHttpResponseCodec.decode(W3CHttpResponseCodec.java:53)<br/>
                        org.openqa.selenium.remote.HttpCommandExecutor.execute(HttpCommandExecutor.java:184)<br/>
                        org.openqa.selenium.remote.service.DriverCommandExecutor.invokeExecute(DriverCommandExecutor.java:164)<br/>
                        org.openqa.selenium.remote.service.DriverCommandExecutor.execute(DriverCommandExecutor.java:139)<br/>
                        org.openqa.selenium.remote.RemoteWebDriver.execute(RemoteWebDriver.java:559)<br/>
                        org.openqa.selenium.remote.ElementLocation$ElementFinder$2.findElement(ElementLocation.java:162)<br/>
                        org.openqa.selenium.remote.ElementLocation.findElement(ElementLocation.java:60)<br/>
                        org.openqa.selenium.remote.RemoteWebDriver.findElement(RemoteWebDriver.java:383)<br/>
                        org.openqa.selenium.remote.RemoteWebDriver.findElement(RemoteWebDriver.java:375)<br/>
                        org.openqa.selenium.By$PreW3CLocator.findElement(By.java:429)<br/>
                        org.openqa.selenium.By$ByClassName.findElement(By.java:298)<br/>
                        org.openqa.selenium.remote.ElementLocation$ElementFinder$1.findElement(ElementLocation.java:136)<br/>
                        org.openqa.selenium.remote.ElementLocation.findElement(ElementLocation.java:60)<br/>
                        org.openqa.selenium.remote.RemoteWebDriver.findElement(RemoteWebDriver.java:383)<br/>
                        org.openqa.selenium.remote.RemoteWebDriver.findElement(RemoteWebDriver.java:375)<br/>
                        pages.HomePage.clickSignInBtn(HomePage.java:18)<br/>
                        testcases.RegistrationLoginTest.checkRegistrationForm(RegistrationLoginTest.java:133)<br/>
                        sun.reflect.NativeMethodAccessorImpl.invoke0(Native Method)<br/>
                        sun.reflect.NativeMethodAccessorImpl.invoke(NativeMethodAccessorImpl.java:62)<br/>
                        sun.reflect.DelegatingMethodAccessorImpl.invoke(DelegatingMethodAccessorImpl.java:43)<br/>
                        java.lang.reflect.Method.invoke(Method.java:498)<br/>
                        org.testng.internal.MethodInvocationHelper.invokeMethod(MethodInvocationHelper.java:124)<br/>
                        org.testng.internal.Invoker.invokeMethod(Invoker.java:583)<br/>
                        org.testng.internal.Invoker.invokeTestMethod(Invoker.java:719)<br/>
                        org.testng.internal.Invoker.invokeTestMethods(Invoker.java:989)<br/>
                        org.testng.internal.TestMethodWorker.invokeTestMethods(TestMethodWorker.java:125)<br/>
                        org.testng.internal.TestMethodWorker.run(TestMethodWorker.java:109)<br/>
                        java.util.concurrent.ThreadPoolExecutor.runWorker(ThreadPoolExecutor.java:1149)<br/>
                        java.util.concurrent.ThreadPoolExecutor$Worker.run(ThreadPoolExecutor.java:624)<br/>
                        java.lang.Thread.run(Thread.java:748)<br/>
                </div>
        </td>
    </tr>
    <tr>
        <td class="method">
                checkSignInBtnFuc
        </td>
        <td class="duration">
            10.157s
        </td>
        <td class="result">
            <!-- Display the dependencies for skipped test methods -->


            <!-- Show logger output for the test -->

                <a href="javascript:toggleElement('exception-8', 'block')"
                   title="Click to expand/collapse">
                    <b>org.openqa.selenium.NoSuchElementException: no such element: Unable to locate element: {&quot;method&quot;:&quot;css selector&quot;,&quot;selector&quot;:&quot;.login&quot;}<br/>
&nbsp; (Session info: chrome=102.0.5005.63)<br/>
For documentation on this error, please visit: https://selenium.dev/exceptions/#no_such_element<br/>
Build info: version: &apos;4.0.0&apos;, revision: &apos;3a21814679&apos;<br/>
System info: host: &apos;DESKTOP-VU75KT1&apos;, ip: &apos;10.0.0.107&apos;, os.name: &apos;Windows 10&apos;, os.arch: &apos;amd64&apos;, os.version: &apos;10.0&apos;, java.version: &apos;1.8.0_202&apos;<br/>
Driver info: org.openqa.selenium.chrome.ChromeDriver<br/>
Command: [0a4dd73a7b56c4c2a8510ca23ce73e8c, findElement {using=css selector, value=.login}]<br/>
Capabilities {acceptInsecureCerts: false, browserName: chrome, browserVersion: 102.0.5005.63, chrome: {chromedriverVersion: 101.0.4951.41 (93c720db8323..., userDataDir: C:\Users\shuju\AppData\Loca...}, goog:chromeOptions: {debuggerAddress: localhost:51706}, javascriptEnabled: true, networkConnectionEnabled: false, pageLoadStrategy: normal, platform: WINDOWS, platformName: WINDOWS, proxy: Proxy(), se:cdp: ws://localhost:51706/devtoo..., se:cdpVersion: 102.0.5005.63, setWindowRect: true, strictFileInteractability: false, timeouts: {implicit: 0, pageLoad: 300000, script: 30000}, unhandledPromptBehavior: dismiss and notify, webauthn:extension:credBlob: true, webauthn:extension:largeBlob: true, webauthn:virtualAuthenticators: true}<br/>
Session ID: 0a4dd73a7b56c4c2a8510ca23ce73e8c</b>
                </a>
                <br/>
                <div class="stackTrace" id="exception-8">
                        sun.reflect.NativeConstructorAccessorImpl.newInstance0(Native Method)<br/>
                        sun.reflect.NativeConstructorAccessorImpl.newInstance(NativeConstructorAccessorImpl.java:62)<br/>
                        sun.reflect.DelegatingConstructorAccessorImpl.newInstance(DelegatingConstructorAccessorImpl.java:45)<br/>
                        java.lang.reflect.Constructor.newInstance(Constructor.java:423)<br/>
                        org.openqa.selenium.remote.codec.w3c.W3CHttpResponseCodec.createException(W3CHttpResponseCodec.java:200)<br/>
                        org.openqa.selenium.remote.codec.w3c.W3CHttpResponseCodec.decode(W3CHttpResponseCodec.java:133)<br/>
                        org.openqa.selenium.remote.codec.w3c.W3CHttpResponseCodec.decode(W3CHttpResponseCodec.java:53)<br/>
                        org.openqa.selenium.remote.HttpCommandExecutor.execute(HttpCommandExecutor.java:184)<br/>
                        org.openqa.selenium.remote.service.DriverCommandExecutor.invokeExecute(DriverCommandExecutor.java:164)<br/>
                        org.openqa.selenium.remote.service.DriverCommandExecutor.execute(DriverCommandExecutor.java:139)<br/>
                        org.openqa.selenium.remote.RemoteWebDriver.execute(RemoteWebDriver.java:559)<br/>
                        org.openqa.selenium.remote.ElementLocation$ElementFinder$2.findElement(ElementLocation.java:162)<br/>
                        org.openqa.selenium.remote.ElementLocation.findElement(ElementLocation.java:60)<br/>
                        org.openqa.selenium.remote.RemoteWebDriver.findElement(RemoteWebDriver.java:383)<br/>
                        org.openqa.selenium.remote.RemoteWebDriver.findElement(RemoteWebDriver.java:375)<br/>
                        org.openqa.selenium.By$PreW3CLocator.findElement(By.java:429)<br/>
                        org.openqa.selenium.By$ByClassName.findElement(By.java:298)<br/>
                        org.openqa.selenium.remote.ElementLocation$ElementFinder$1.findElement(ElementLocation.java:136)<br/>
                        org.openqa.selenium.remote.ElementLocation.findElement(ElementLocation.java:80)<br/>
                        org.openqa.selenium.remote.RemoteWebDriver.findElement(RemoteWebDriver.java:383)<br/>
                        org.openqa.selenium.remote.RemoteWebDriver.findElement(RemoteWebDriver.java:375)<br/>
                        pages.HomePage.clickSignInBtn(HomePage.java:18)<br/>
                        testcases.RegistrationLoginTest.checkSignInBtnFuc(RegistrationLoginTest.java:85)<br/>
                        sun.reflect.NativeMethodAccessorImpl.invoke0(Native Method)<br/>
                        sun.reflect.NativeMethodAccessorImpl.invoke(NativeMethodAccessorImpl.java:62)<br/>
                        sun.reflect.DelegatingMethodAccessorImpl.invoke(DelegatingMethodAccessorImpl.java:43)<br/>
                        java.lang.reflect.Method.invoke(Method.java:498)<br/>
                        org.testng.internal.MethodInvocationHelper.invokeMethod(MethodInvocationHelper.java:124)<br/>
                        org.testng.internal.Invoker.invokeMethod(Invoker.java:583)<br/>
                        org.testng.internal.Invoker.invokeTestMethod(Invoker.java:719)<br/>
                        org.testng.internal.Invoker.invokeTestMethods(Invoker.java:989)<br/>
                        org.testng.internal.TestMethodWorker.invokeTestMethods(TestMethodWorker.java:125)<br/>
                        org.testng.internal.TestMethodWorker.run(TestMethodWorker.java:109)<br/>
                        java.util.concurrent.ThreadPoolExecutor.runWorker(ThreadPoolExecutor.java:1149)<br/>
                        java.util.concurrent.ThreadPoolExecutor$Worker.run(ThreadPoolExecutor.java:624)<br/>
                        java.lang.Thread.run(Thread.java:748)<br/>
                </div>
        </td>
    </tr>
            <tr>
                <td class="group" colspan="3">testcases.SearchFeatureTest</td>
            </tr>
    <tr>
        <td class="method">
                searchProduct
        </td>
        <td class="duration">
            10.065s
        </td>
        <td class="result">
            <!-- Display the dependencies for skipped test methods -->


            <!-- Show logger output for the test -->

                <a href="javascript:toggleElement('exception-9', 'block')"
                   title="Click to expand/collapse">
                    <b>org.openqa.selenium.NoSuchElementException: no such element: Unable to locate element: {&quot;method&quot;:&quot;css selector&quot;,&quot;selector&quot;:&quot;#search_query_top&quot;}<br/>
&nbsp; (Session info: chrome=102.0.5005.63)<br/>
For documentation on this error, please visit: https://selenium.dev/exceptions/#no_such_element<br/>
Build info: version: &apos;4.0.0&apos;, revision: &apos;3a21814679&apos;<br/>
System info: host: &apos;DESKTOP-VU75KT1&apos;, ip: &apos;10.0.0.107&apos;, os.name: &apos;Windows 10&apos;, os.arch: &apos;amd64&apos;, os.version: &apos;10.0&apos;, java.version: &apos;1.8.0_202&apos;<br/>
Driver info: org.openqa.selenium.chrome.ChromeDriver<br/>
Command: [5e002ab111b20fcc7871b46fb40dbaf1, findElement {using=id, value=search_query_top}]<br/>
Capabilities {acceptInsecureCerts: false, browserName: chrome, browserVersion: 102.0.5005.63, chrome: {chromedriverVersion: 101.0.4951.41 (93c720db8323..., userDataDir: C:\Users\shuju\AppData\Loca...}, goog:chromeOptions: {debuggerAddress: localhost:51732}, javascriptEnabled: true, networkConnectionEnabled: false, pageLoadStrategy: normal, platform: WINDOWS, platformName: WINDOWS, proxy: Proxy(), se:cdp: ws://localhost:51732/devtoo..., se:cdpVersion: 102.0.5005.63, setWindowRect: true, strictFileInteractability: false, timeouts: {implicit: 0, pageLoad: 300000, script: 30000}, unhandledPromptBehavior: dismiss and notify, webauthn:extension:credBlob: true, webauthn:extension:largeBlob: true, webauthn:virtualAuthenticators: true}<br/>
Session ID: 5e002ab111b20fcc7871b46fb40dbaf1</b>
                </a>
                <br/>
                <div class="stackTrace" id="exception-9">
                        sun.reflect.NativeConstructorAccessorImpl.newInstance0(Native Method)<br/>
                        sun.reflect.NativeConstructorAccessorImpl.newInstance(NativeConstructorAccessorImpl.java:62)<br/>
                        sun.reflect.DelegatingConstructorAccessorImpl.newInstance(DelegatingConstructorAccessorImpl.java:45)<br/>
                        java.lang.reflect.Constructor.newInstance(Constructor.java:423)<br/>
                        org.openqa.selenium.remote.codec.w3c.W3CHttpResponseCodec.createException(W3CHttpResponseCodec.java:200)<br/>
                        org.openqa.selenium.remote.codec.w3c.W3CHttpResponseCodec.decode(W3CHttpResponseCodec.java:133)<br/>
                        org.openqa.selenium.remote.codec.w3c.W3CHttpResponseCodec.decode(W3CHttpResponseCodec.java:53)<br/>
                        org.openqa.selenium.remote.HttpCommandExecutor.execute(HttpCommandExecutor.java:184)<br/>
                        org.openqa.selenium.remote.service.DriverCommandExecutor.invokeExecute(DriverCommandExecutor.java:164)<br/>
                        org.openqa.selenium.remote.service.DriverCommandExecutor.execute(DriverCommandExecutor.java:139)<br/>
                        org.openqa.selenium.remote.RemoteWebDriver.execute(RemoteWebDriver.java:559)<br/>
                        org.openqa.selenium.remote.ElementLocation$ElementFinder$2.findElement(ElementLocation.java:162)<br/>
                        org.openqa.selenium.remote.ElementLocation.findElement(ElementLocation.java:66)<br/>
                        org.openqa.selenium.remote.RemoteWebDriver.findElement(RemoteWebDriver.java:383)<br/>
                        org.openqa.selenium.remote.RemoteWebDriver.findElement(RemoteWebDriver.java:375)<br/>
                        pages.HomePage.inputOnSearchPlaceHolder(HomePage.java:25)<br/>
                        testcases.SearchFeatureTest.searchProduct(SearchFeatureTest.java:78)<br/>
                        sun.reflect.NativeMethodAccessorImpl.invoke0(Native Method)<br/>
                        sun.reflect.NativeMethodAccessorImpl.invoke(NativeMethodAccessorImpl.java:62)<br/>
                        sun.reflect.DelegatingMethodAccessorImpl.invoke(DelegatingMethodAccessorImpl.java:43)<br/>
                        java.lang.reflect.Method.invoke(Method.java:498)<br/>
                        org.testng.internal.MethodInvocationHelper.invokeMethod(MethodInvocationHelper.java:124)<br/>
                        org.testng.internal.Invoker.invokeMethod(Invoker.java:583)<br/>
                        org.testng.internal.Invoker.invokeTestMethod(Invoker.java:719)<br/>
                        org.testng.internal.Invoker.invokeTestMethods(Invoker.java:989)<br/>
                        org.testng.internal.TestMethodWorker.invokeTestMethods(TestMethodWorker.java:125)<br/>
                        org.testng.internal.TestMethodWorker.run(TestMethodWorker.java:109)<br/>
                        java.util.concurrent.ThreadPoolExecutor.runWorker(ThreadPoolExecutor.java:1149)<br/>
                        java.util.concurrent.ThreadPoolExecutor$Worker.run(ThreadPoolExecutor.java:624)<br/>
                        java.lang.Thread.run(Thread.java:748)<br/>
                </div>
        </td>
    </tr>
    </table>



<script type="text/javascript" src="reportng.js"></script>
</body>
